{"logTime": "0920/091922", "correlationVector":"s26WtK9gOEAfv0dWMhedCQ.1","action":"SyncServerConnectionManagerRequest", "result":"SYNC_SERVER_OK", "context":{"environment":"Prod_EastAsia_000d", "migrationStage":"NotStarted", "server":"GENERAL01000023"}}
{"logTime": "0920/091923", "correlationVector":"WROrE8f5SAjE1aPsKLa2+1","action":"SyncServerConnectionManagerRequest", "result":"SYNC_SERVER_OK", "context":{"environment":"", "migrationStage":"", "server":""}}
{"logTime": "0920/091923", "correlationVector":"s26WtK9gOEAfv0dWMhedCQ","action":"Initial GetUpdates", "result":"", "context":Reason: NEW_CLIENT. cV=s26WtK9gOEAfv0dWMhedCQ}
{"logTime": "0920/091923", "correlationVector":"s26WtK9gOEAfv0dWMhedCQ.2","action":"GetUpdates Response", "result":"Success", "context":Received 1 update(s). cV=s26WtK9gOEAfv0dWMhedCQ.0;server=GENERAL01000023;cloudType=Consumer;environment=Prod_EastAsia_000d;migrationStage=NotStarted}
{"logTime": "0920/091923", "correlationVector":"tqTaaoCOfeJk2NtuFPKnhM","action":"Initial GetUpdates", "result":"", "context":Reason: NEWLY_SUPPORTED_DATATYPE. cV=tqTaaoCOfeJk2NtuFPKnhM}
{"logTime": "0920/091924", "correlationVector":"tqTaaoCOfeJk2NtuFPKnhM.1","action":"SyncServerConnectionManagerRequest", "result":"SYNC_SERVER_OK", "context":{"environment":"Prod_EastAsia_000d", "migrationStage":"NotStarted", "server":"GENERAL0300001U"}}
{"logTime": "0920/091924", "correlationVector":"tqTaaoCOfeJk2NtuFPKnhM.2","action":"GetUpdates", "result":"DeleteReceived", "context":{"id":"371938af-7041-4787-8708-0733553304a6", "isDeleted:":"true", "version":"1721919637095"}}
{"logTime": "0920/091924", "correlationVector":"tqTaaoCOfeJk2NtuFPKnhM.3","action":"GetUpdates", "result":"DeleteReceived", "context":{"id":"60c33b07-9f7e-4d95-a57c-49be49826cb2", "isDeleted:":"true", "version":"1725186633537"}}
{"logTime": "0920/091924", "correlationVector":"tqTaaoCOfeJk2NtuFPKnhM.4","action":"GetUpdates Response", "result":"Success", "context":Received 127 update(s). cV=tqTaaoCOfeJk2NtuFPKnhM.0;server=GENERAL0300001U;cloudType=Consumer;environment=Prod_EastAsia_000d;migrationStage=NotStarted}
{"logTime": "0920/091924", "correlationVector":"Pd81PyQMr2Gnfu3wdmxfz2","action":"Initial GetUpdates", "result":"", "context":Reason: NEWLY_SUPPORTED_DATATYPE. cV=Pd81PyQMr2Gnfu3wdmxfz2}
{"logTime": "0920/091925", "correlationVector":"Pd81PyQMr2Gnfu3wdmxfz2.1","action":"SyncServerConnectionManagerRequest", "result":"SYNC_SERVER_OK", "context":{"environment":"Prod_EastAsia_000d", "migrationStage":"NotStarted", "server":"GENERAL0300000U"}}
{"logTime": "0920/091925", "correlationVector":"Pd81PyQMr2Gnfu3wdmxfz2.2","action":"GetUpdates Response", "result":"Success", "context":Received 23 update(s). cV=Pd81PyQMr2Gnfu3wdmxfz2.0;server=GENERAL0300000U;cloudType=Consumer;environment=Prod_EastAsia_000d;migrationStage=NotStarted}
{"logTime": "0920/091925", "correlationVector":"VFW0VtRGQNHcqGaN8eujri","action":"Initial GetUpdates", "result":"", "context":Reason: NEWLY_SUPPORTED_DATATYPE. cV=VFW0VtRGQNHcqGaN8eujri}
{"logTime": "0920/091925", "correlationVector":"VFW0VtRGQNHcqGaN8eujri.1","action":"SyncServerConnectionManagerRequest", "result":"SYNC_SERVER_OK", "context":{"environment":"Prod_EastAsia_000d", "migrationStage":"NotStarted", "server":"GENERAL0300000B"}}
{"logTime": "0920/091925", "correlationVector":"VFW0VtRGQNHcqGaN8eujri.2","action":"GetUpdates", "result":"DeleteReceived", "context":{"id":"7fc7e395-1eeb-4d8d-b9c9-4ba08b1cdb2a", "isDeleted:":"true", "version":"1726552427076"}}
{"logTime": "0920/091925", "correlationVector":"VFW0VtRGQNHcqGaN8eujri.3","action":"GetUpdates Response", "result":"Success", "context":Received 236 update(s). cV=VFW0VtRGQNHcqGaN8eujri.0;server=GENERAL0300000B;cloudType=Consumer;environment=Prod_EastAsia_000d;migrationStage=NotStarted}
{"logTime": "0920/091925", "correlationVector":"yc6a389GgHyuWCKKuMwpaz","action":"Normal GetUpdate request", "result":"", "context":cV=yc6a389GgHyuWCKKuMwpaz
Nudged types: Device Info, User Consents
Refresh requested types: Bookmarks, Preferences, Passwords, Autofill Profiles, Autofill, Extensions, Extension settings, Device Info, User Consents, Send Tab To Self, Web Apps, Collection, Edge E Drop, Edge Hub App Usage, Edge Wallet, Encryption Keys}
{"logTime": "0920/091926", "correlationVector":"yc6a389GgHyuWCKKuMwpaz.1","action":"SyncServerConnectionManagerRequest", "result":"SYNC_SERVER_OK", "context":{"environment":"Prod_EastAsia_000d", "migrationStage":"NotStarted", "server":"GENERAL03000018"}}
{"logTime": "0920/091926", "correlationVector":"yc6a389GgHyuWCKKuMwpaz.2","action":"GetUpdates Response", "result":"Success", "context":Received 0 update(s). cV=yc6a389GgHyuWCKKuMwpaz.0;server=GENERAL03000018;cloudType=Consumer;environment=Prod_EastAsia_000d;migrationStage=NotStarted}
{"logTime": "0920/091926", "correlationVector":"m/UfAAgqKNK6dqk2xJ30fs","action":"DoCompareDataConsistency requsted types: ", "result":"Bookmarks, Preferences, Passwords, Extensions, Extension settings, Send Tab To Self, Web Apps, Collection, Edge E Drop, Edge Wallet, Encryption Keys"}
{"logTime": "0920/091926", "correlationVector":"m/UfAAgqKNK6dqk2xJ30fs.0","action":"CompareDataConsistency result: ", "result":"Compare result: Encryption Keys is consistent. local entities count is: 1 local entities hash is: ikDEHcXPnu1VRo3es9Bf52xMKqM="}
{"logTime": "0920/091926", "correlationVector":"m/UfAAgqKNK6dqk2xJ30fs.1","action":"CompareDataConsistency result: ", "result":"Compare result: Bookmarks is consistent. local entities count is: 21 local entities hash is: LEmNTVCGOfgo9s+O5+IcriOFktM="}
{"logTime": "0920/091926", "correlationVector":"m/UfAAgqKNK6dqk2xJ30fs.2","action":"CompareDataConsistency result: ", "result":"Compare result: Preferences is consistent. local entities count is: 62 local entities hash is: 2V6IUvERNwvDyWvC6rl7EnK9k14="}
{"logTime": "0920/091926", "correlationVector":"m/UfAAgqKNK6dqk2xJ30fs.3","action":"CompareDataConsistency result: ", "result":"Compare result: Extensions is consistent. local entities count is: 0 local entities hash is: "}
{"logTime": "0920/091926", "correlationVector":"m/UfAAgqKNK6dqk2xJ30fs.4","action":"CompareDataConsistency result: ", "result":"Compare result: Extension settings is consistent. local entities count is: 0 local entities hash is: "}
{"logTime": "0920/091926", "correlationVector":"m/UfAAgqKNK6dqk2xJ30fs.5","action":"CompareDataConsistency result: ", "result":"Server did not send this Send Tab To Self local entities count is: 0 local entities hash is: "}
{"logTime": "0920/091926", "correlationVector":"m/UfAAgqKNK6dqk2xJ30fs.6","action":"CompareDataConsistency result: ", "result":"Compare result: Web Apps is consistent. local entities count is: 0 local entities hash is: "}
{"logTime": "0920/091926", "correlationVector":"m/UfAAgqKNK6dqk2xJ30fs.7","action":"CompareDataConsistency result: ", "result":"Compare result: Collection is consistent. local entities count is: 0 local entities hash is: "}
{"logTime": "0920/091926", "correlationVector":"m/UfAAgqKNK6dqk2xJ30fs.8","action":"CompareDataConsistency result: ", "result":"Compare result: Edge E Drop is consistent. local entities count is: 0 local entities hash is: "}
{"logTime": "0920/091926", "correlationVector":"m/UfAAgqKNK6dqk2xJ30fs.9","action":"CompareDataConsistency result: ", "result":"Compare result: Edge Wallet is consistent. local entities count is: 0 local entities hash is: "}
{"logTime": "0920/091926", "correlationVector":"m/UfAAgqKNK6dqk2xJ30fs.10","action":"CompareDataConsistency result: ", "result":"Compare result: Passwords is consistent. local entities count is: 56 local entities hash is: mhUgaMvU1YziXAj1NW8y2+yVAzc="}
{"logTime": "0920/091926", "correlationVector":"phudo8nx6PF04AQb2YNxEp","action":"Commit Request", "result":"", "context":Item count: 3
Contributing types: Device Info, User Consents}
{"logTime": "0920/091927", "correlationVector":"phudo8nx6PF04AQb2YNxEp.1","action":"SyncServerConnectionManagerRequest", "result":"SYNC_SERVER_OK", "context":{"environment":"Prod_EastAsia_000d", "migrationStage":"NotStarted", "server":"GENERAL03000006"}}
{"logTime": "0920/091927", "correlationVector":"phudo8nx6PF04AQb2YNxEp.2","action":"Commit Response", "result":"Success", "context":Result: Success. cV=phudo8nx6PF04AQb2YNxEp.0;server=GENERAL03000006;cloudType=Consumer;environment=Prod_EastAsia_000d;migrationStage=NotStarted}
{"logTime": "0920/091927", "correlationVector":"","action":"DIAGNOSTIC_REQUEST|v1/diagnosticData/Diagnostic.SendCheckResult()|SUCCESS", "result":""}
{"logTime": "0920/091927", "correlationVector":"NxBASg/GSz3yMC9vrnbHQO","action":"Normal GetUpdate request", "result":"", "context":cV=NxBASg/GSz3yMC9vrnbHQO
Nudged types: Device Info}
{"logTime": "0920/091928", "correlationVector":"NxBASg/GSz3yMC9vrnbHQO.1","action":"SyncServerConnectionManagerRequest", "result":"SYNC_SERVER_OK", "context":{"environment":"Prod_EastAsia_000d", "migrationStage":"NotStarted", "server":"GENERAL0300000B"}}
{"logTime": "0920/091928", "correlationVector":"NxBASg/GSz3yMC9vrnbHQO.2","action":"GetUpdates Response", "result":"Success", "context":Received 1 update(s). cV=NxBASg/GSz3yMC9vrnbHQO.0;server=GENERAL0300000B;cloudType=Consumer;environment=Prod_EastAsia_000d;migrationStage=NotStarted}
